0 info it worked if it ends with ok
1 verbose cli [ '/Users/jaden/.nvm/versions/node/v5.7.0/bin/node',
1 verbose cli   '/Users/jaden/.nvm/versions/node/v5.7.0/bin/npm',
1 verbose cli   'run',
1 verbose cli   'test-watch' ]
2 info using npm@3.6.0
3 info using node@v5.7.0
4 verbose run-script [ 'pretest-watch', 'test-watch', 'posttest-watch' ]
5 info lifecycle restore@1.0.0~pretest-watch: restore@1.0.0
6 silly lifecycle restore@1.0.0~pretest-watch: no script for pretest-watch, continuing
7 info lifecycle restore@1.0.0~test-watch: restore@1.0.0
8 verbose lifecycle restore@1.0.0~test-watch: unsafe-perm in lifecycle true
9 verbose lifecycle restore@1.0.0~test-watch: PATH: /Users/jaden/.nvm/versions/node/v5.7.0/lib/node_modules/npm/bin/node-gyp-bin:/dev_exclusions/restore/node_modules/.bin:/Users/jaden/.rvm/gems/ruby-2.1.5/bin:/Users/jaden/.rvm/gems/ruby-2.1.5@global/bin:/Users/jaden/.rvm/rubies/ruby-2.1.5/bin:/Users/jaden/.nvm/versions/node/v5.7.0/bin:/usr/local/bin:/usr/bin:/bin:/usr/sbin:/sbin:/opt/X11/bin:/usr/local/bin:/usr/bin:/bin:~/bin:/usr/sbin:/sbin:/opt/X11/bin:/Users/jaden/.rvm/bin
10 verbose lifecycle restore@1.0.0~test-watch: CWD: /dev_exclusions/restore
11 silly lifecycle restore@1.0.0~test-watch: Args: [ '-c',
11 silly lifecycle   'karma start --auto-watch --no-single-run --NODE_ENV=test' ]
12 silly lifecycle restore@1.0.0~test-watch: Returned: code: 1  signal: null
13 info lifecycle restore@1.0.0~test-watch: Failed to exec test-watch script
14 verbose stack Error: restore@1.0.0 test-watch: `karma start --auto-watch --no-single-run --NODE_ENV=test`
14 verbose stack Exit status 1
14 verbose stack     at EventEmitter.<anonymous> (/Users/jaden/.nvm/versions/node/v5.7.0/lib/node_modules/npm/lib/utils/lifecycle.js:232:16)
14 verbose stack     at emitTwo (events.js:100:13)
14 verbose stack     at EventEmitter.emit (events.js:185:7)
14 verbose stack     at ChildProcess.<anonymous> (/Users/jaden/.nvm/versions/node/v5.7.0/lib/node_modules/npm/lib/utils/spawn.js:24:14)
14 verbose stack     at emitTwo (events.js:100:13)
14 verbose stack     at ChildProcess.emit (events.js:185:7)
14 verbose stack     at maybeClose (internal/child_process.js:827:16)
14 verbose stack     at Process.ChildProcess._handle.onexit (internal/child_process.js:211:5)
15 verbose pkgid restore@1.0.0
16 verbose cwd /dev_exclusions/restore
17 error Darwin 15.4.0
18 error argv "/Users/jaden/.nvm/versions/node/v5.7.0/bin/node" "/Users/jaden/.nvm/versions/node/v5.7.0/bin/npm" "run" "test-watch"
19 error node v5.7.0
20 error npm  v3.6.0
21 error code ELIFECYCLE
22 error restore@1.0.0 test-watch: `karma start --auto-watch --no-single-run --NODE_ENV=test`
22 error Exit status 1
23 error Failed at the restore@1.0.0 test-watch script 'karma start --auto-watch --no-single-run --NODE_ENV=test'.
23 error Make sure you have the latest version of node.js and npm installed.
23 error If you do, this is most likely a problem with the restore package,
23 error not with npm itself.
23 error Tell the author that this fails on your system:
23 error     karma start --auto-watch --no-single-run --NODE_ENV=test
23 error You can get information on how to open an issue for this project with:
23 error     npm bugs restore
23 error Or if that isn't available, you can get their info via:
23 error     npm owner ls restore
23 error There is likely additional logging output above.
24 verbose exit [ 1, true ]
